The target system is: Linux -  - aarch64
The host system is: Linux - 6.8.0-124-generic - x86_64
Compiling the C compiler identification source file "CMakeCCompilerId.c" succeeded.
Compiler: /usr/bin/aarch64-linux-gnu-gcc 
Build flags: 
Id flags:  

The output was:
0


Compilation of the C compiler identification source "CMakeCCompilerId.c" produced "a.out"

The C compiler identification is GNU, found in "/home/nie/IotEdgeGateway/build-aarch64/CMakeFiles/3.22.1/CompilerIdC/a.out"

Compiling the CXX compiler identification source file "CMakeCXXCompilerId.cpp" succeeded.
Compiler: /usr/bin/aarch64-linux-gnu-g++ 
Build flags: 
Id flags:  

The output was:
0


Compilation of the CXX compiler identification source "CMakeCXXCompilerId.cpp" produced "a.out"

The CXX compiler identification is GNU, found in "/home/nie/IotEdgeGateway/build-aarch64/CMakeFiles/3.22.1/CompilerIdCXX/a.out"

Detecting C compiler ABI info compiled with the following output:
Change Dir: /home/nie/IotEdgeGateway/build-aarch64/CMakeFiles/CMakeTmp

Run Build Command(s):/usr/bin/ninja cmTC_9bc46 && [1/2] Building C object CMakeFiles/cmTC_9bc46.dir/CMakeCCompilerABI.c.o
Using built-in specs.
COLLECT_GCC=/usr/bin/aarch64-linux-gnu-gcc
Target: aarch64-linux-gnu
Configured with: ../src/configure -v --with-pkgversion='Ubuntu 11.4.0-1ubuntu1~22.04.3' --with-bugurl=file:///usr/share/doc/gcc-11/README.Bugs --enable-languages=c,ada,c++,go,d,fortran,objc,obj-c++,m2 --prefix=/usr --with-gcc-major-version-only --program-suffix=-11 --enable-shared --enable-linker-build-id --libexecdir=/usr/lib --without-included-gettext --enable-threads=posix --libdir=/usr/lib --enable-nls --with-sysroot=/ --enable-clocale=gnu --enable-libstdcxx-debug --enable-libstdcxx-time=yes --with-default-libstdcxx-abi=new --enable-gnu-unique-object --disable-libquadmath --disable-libquadmath-support --enable-plugin --enable-default-pie --with-system-zlib --enable-libphobos-checking=release --without-target-system-zlib --enable-multiarch --enable-fix-cortex-a53-843419 --disable-werror --enable-checking=release --build=x86_64-linux-gnu --host=x86_64-linux-gnu --target=aarch64-linux-gnu --program-prefix=aarch64-linux-gnu- --includedir=/usr/aarch64-linux-gnu/include --with-build-config=bootstrap-lto-lean --enable-link-serialization=2
Thread model: posix
Supported LTO compression algorithms: zlib zstd
gcc version 11.4.0 (Ubuntu 11.4.0-1ubuntu1~22.04.3) 
COLLECT_GCC_OPTIONS='-v' '-o' 'CMakeFiles/cmTC_9bc46.dir/CMakeCCompilerABI.c.o' '-c' '-mlittle-endian' '-mabi=lp64' '-dumpdir' 'CMakeFiles/cmTC_9bc46.dir/'
 /usr/lib/gcc-cross/aarch64-linux-gnu/11/cc1 -quiet -v -imultiarch aarch64-linux-gnu /usr/share/cmake-3.22/Modules/CMakeCCompilerABI.c -quiet -dumpdir CMakeFiles/cmTC_9bc46.dir/ -dumpbase CMakeCCompilerABI.c.c -dumpbase-ext .c -mlittle-endian -mabi=lp64 -version -fasynchronous-unwind-tables -fstack-protector-strong -Wformat -Wformat-security -fstack-clash-protection -o /tmp/ccLUY0vl.s
GNU C17 (Ubuntu 11.4.0-1ubuntu1~22.04.3) version 11.4.0 (aarch64-linux-gnu)
	compiled by GNU C version 11.4.0, GMP version 6.2.1, MPFR version 4.1.0, MPC version 1.2.1, isl version isl-0.24-GMP

GGC heuristics: --param ggc-min-expand=100 --param ggc-min-heapsize=131072
ignoring nonexistent directory "/usr/local/include/aarch64-linux-gnu"
ignoring nonexistent directory "/usr/lib/gcc-cross/aarch64-linux-gnu/11/include-fixed"
ignoring nonexistent directory "/usr/include/aarch64-linux-gnu"
#include "..." search starts here:
#include <...> search starts here:
 /usr/lib/gcc-cross/aarch64-linux-gnu/11/include
 /usr/lib/gcc-cross/aarch64-linux-gnu/11/../../../../aarch64-linux-gnu/include
 /usr/include
End of search list.
GNU C17 (Ubuntu 11.4.0-1ubuntu1~22.04.3) version 11.4.0 (aarch64-linux-gnu)
	compiled by GNU C version 11.4.0, GMP version 6.2.1, MPFR version 4.1.0, MPC version 1.2.1, isl version isl-0.24-GMP

GGC heuristics: --param ggc-min-expand=100 --param ggc-min-heapsize=131072
Compiler executable checksum: 2a6f833664a1d9b9ebcff0efa3d423b5
COLLECT_GCC_OPTIONS='-v' '-o' 'CMakeFiles/cmTC_9bc46.dir/CMakeCCompilerABI.c.o' '-c' '-mlittle-endian' '-mabi=lp64' '-dumpdir' 'CMakeFiles/cmTC_9bc46.dir/'
 /usr/lib/gcc-cross/aarch64-linux-gnu/11/../../../../aarch64-linux-gnu/bin/as -v -EL -mabi=lp64 -o CMakeFiles/cmTC_9bc46.dir/CMakeCCompilerABI.c.o /tmp/ccLUY0vl.s
GNU assembler version 2.38 (aarch64-linux-gnu) using BFD version (GNU Binutils for Ubuntu) 2.38
COMPILER_PATH=/usr/lib/gcc-cross/aarch64-linux-gnu/11/:/usr/lib/gcc-cross/aarch64-linux-gnu/11/:/usr/lib/gcc-cross/aarch64-linux-gnu/:/usr/lib/gcc-cross/aarch64-linux-gnu/11/:/usr/lib/gcc-cross/aarch64-linux-gnu/:/usr/lib/gcc-cross/aarch64-linux-gnu/11/../../../../aarch64-linux-gnu/bin/
LIBRARY_PATH=/usr/lib/gcc-cross/aarch64-linux-gnu/11/:/usr/lib/gcc-cross/aarch64-linux-gnu/11/../../../../aarch64-linux-gnu/lib/../lib/:/lib/aarch64-linux-gnu/:/lib/../lib/:/usr/lib/aarch64-linux-gnu/:/usr/lib/../lib/:/usr/lib/gcc-cross/aarch64-linux-gnu/11/../../../../aarch64-linux-gnu/lib/:/lib/:/usr/lib/
COLLECT_GCC_OPTIONS='-v' '-o' 'CMakeFiles/cmTC_9bc46.dir/CMakeCCompilerABI.c.o' '-c' '-mlittle-endian' '-mabi=lp64' '-dumpdir' 'CMakeFiles/cmTC_9bc46.dir/CMakeCCompilerABI.c.'
[2/2] Linking C executable cmTC_9bc46
Using built-in specs.
COLLECT_GCC=/usr/bin/aarch64-linux-gnu-gcc
COLLECT_LTO_WRAPPER=/usr/lib/gcc-cross/aarch64-linux-gnu/11/lto-wrapper
Target: aarch64-linux-gnu
Configured with: ../src/configure -v --with-pkgversion='Ubuntu 11.4.0-1ubuntu1~22.04.3' --with-bugurl=file:///usr/share/doc/gcc-11/README.Bugs --enable-languages=c,ada,c++,go,d,fortran,objc,obj-c++,m2 --prefix=/usr --with-gcc-major-version-only --program-suffix=-11 --enable-shared --enable-linker-build-id --libexecdir=/usr/lib --without-included-gettext --enable-threads=posix --libdir=/usr/lib --enable-nls --with-sysroot=/ --enable-clocale=gnu --enable-libstdcxx-debug --enable-libstdcxx-time=yes --with-default-libstdcxx-abi=new --enable-gnu-unique-object --disable-libquadmath --disable-libquadmath-support --enable-plugin --enable-default-pie --with-system-zlib --enable-libphobos-checking=release --without-target-system-zlib --enable-multiarch --enable-fix-cortex-a53-843419 --disable-werror --enable-checking=release --build=x86_64-linux-gnu --host=x86_64-linux-gnu --target=aarch64-linux-gnu --program-prefix=aarch64-linux-gnu- --includedir=/usr/aarch64-linux-gnu/include --with-build-config=bootstrap-lto-lean --enable-link-serialization=2
Thread model: posix
Supported LTO compression algorithms: zlib zstd
gcc version 11.4.0 (Ubuntu 11.4.0-1ubuntu1~22.04.3) 
COMPILER_PATH=/usr/lib/gcc-cross/aarch64-linux-gnu/11/:/usr/lib/gcc-cross/aarch64-linux-gnu/11/:/usr/lib/gcc-cross/aarch64-linux-gnu/:/usr/lib/gcc-cross/aarch64-linux-gnu/11/:/usr/lib/gcc-cross/aarch64-linux-gnu/:/usr/lib/gcc-cross/aarch64-linux-gnu/11/../../../../aarch64-linux-gnu/bin/
LIBRARY_PATH=/usr/lib/gcc-cross/aarch64-linux-gnu/11/:/usr/lib/gcc-cross/aarch64-linux-gnu/11/../../../../aarch64-linux-gnu/lib/../lib/:/lib/aarch64-linux-gnu/:/lib/../lib/:/usr/lib/aarch64-linux-gnu/:/usr/lib/../lib/:/usr/lib/gcc-cross/aarch64-linux-gnu/11/../../../../aarch64-linux-gnu/lib/:/lib/:/usr/lib/
COLLECT_GCC_OPTIONS='-static-libstdc++' '-static-libgcc' '-v' '-o' 'cmTC_9bc46' '-mlittle-endian' '-mabi=lp64' '-dumpdir' 'cmTC_9bc46.'
 /usr/lib/gcc-cross/aarch64-linux-gnu/11/collect2 -plugin /usr/lib/gcc-cross/aarch64-linux-gnu/11/liblto_plugin.so -plugin-opt=/usr/lib/gcc-cross/aarch64-linux-gnu/11/lto-wrapper -plugin-opt=-fresolution=/tmp/ccaIJPf3.res -plugin-opt=-pass-through=-lgcc -plugin-opt=-pass-through=-lgcc_eh -plugin-opt=-pass-through=-lc -plugin-opt=-pass-through=-lgcc -plugin-opt=-pass-through=-lgcc_eh --sysroot=/ --build-id --eh-frame-hdr --hash-style=gnu --as-needed -dynamic-linker /lib/ld-linux-aarch64.so.1 -X -EL -maarch64linux --fix-cortex-a53-843419 -pie -z now -z relro -o cmTC_9bc46 /usr/lib/gcc-cross/aarch64-linux-gnu/11/../../../../aarch64-linux-gnu/lib/../lib/Scrt1.o /usr/lib/gcc-cross/aarch64-linux-gnu/11/../../../../aarch64-linux-gnu/lib/../lib/crti.o /usr/lib/gcc-cross/aarch64-linux-gnu/11/crtbeginS.o -L/usr/lib/gcc-cross/aarch64-linux-gnu/11 -L/usr/lib/gcc-cross/aarch64-linux-gnu/11/../../../../aarch64-linux-gnu/lib/../lib -L/lib/aarch64-linux-gnu -L/lib/../lib -L/usr/lib/aarch64-linux-gnu -L/usr/lib/../lib -L/usr/lib/gcc-cross/aarch64-linux-gnu/11/../../../../aarch64-linux-gnu/lib CMakeFiles/cmTC_9bc46.dir/CMakeCCompilerABI.c.o -lgcc -lgcc_eh -lc -lgcc -lgcc_eh /usr/lib/gcc-cross/aarch64-linux-gnu/11/crtendS.o /usr/lib/gcc-cross/aarch64-linux-gnu/11/../../../../aarch64-linux-gnu/lib/../lib/crtn.o
COLLECT_GCC_OPTIONS='-static-libstdc++' '-static-libgcc' '-v' '-o' 'cmTC_9bc46' '-mlittle-endian' '-mabi=lp64' '-dumpdir' 'cmTC_9bc46.'



Parsed C implicit include dir info from above output: rv=done
  found start of include info
  found start of implicit include info
    add: [/usr/lib/gcc-cross/aarch64-linux-gnu/11/include]
    add: [/usr/lib/gcc-cross/aarch64-linux-gnu/11/../../../../aarch64-linux-gnu/include]
    add: [/usr/include]
  end of search list found
  collapse include dir [/usr/lib/gcc-cross/aarch64-linux-gnu/11/include] ==> [/usr/lib/gcc-cross/aarch64-linux-gnu/11/include]
  collapse include dir [/usr/lib/gcc-cross/aarch64-linux-gnu/11/../../../../aarch64-linux-gnu/include] ==> [/usr/aarch64-linux-gnu/include]
  collapse include dir [/usr/include] ==> [/usr/include]
  implicit include dirs: [/usr/lib/gcc-cross/aarch64-linux-gnu/11/include;/usr/aarch64-linux-gnu/include;/usr/include]


Parsed C implicit link information from above output:
  link line regex: [^( *|.*[/\])(aarch64-linux-gnu-ld|CMAKE_LINK_STARTFILE-NOTFOUND|([^/\]+-)?ld|collect2)[^/\]*( |$)]
  ignore line: [Change Dir: /home/nie/IotEdgeGateway/build-aarch64/CMakeFiles/CMakeTmp]
  ignore line: []
  ignore line: [Run Build Command(s):/usr/bin/ninja cmTC_9bc46 && [1/2] Building C object CMakeFiles/cmTC_9bc46.dir/CMakeCCompilerABI.c.o]
  ignore line: [Using built-in specs.]
  ignore line: [COLLECT_GCC=/usr/bin/aarch64-linux-gnu-gcc]
  ignore line: [Target: aarch64-linux-gnu]
  ignore line: [Configured with: ../src/configure -v --with-pkgversion='Ubuntu 11.4.0-1ubuntu1~22.04.3' --with-bugurl=file:///usr/share/doc/gcc-11/README.Bugs --enable-languages=c ada c++ go d fortran objc obj-c++ m2 --prefix=/usr --with-gcc-major-version-only --program-suffix=-11 --enable-shared --enable-linker-build-id --libexecdir=/usr/lib --without-included-gettext --enable-threads=posix --libdir=/usr/lib --enable-nls --with-sysroot=/ --enable-clocale=gnu --enable-libstdcxx-debug --enable-libstdcxx-time=yes --with-default-libstdcxx-abi=new --enable-gnu-unique-object --disable-libquadmath --disable-libquadmath-support --enable-plugin --enable-default-pie --with-system-zlib --enable-libphobos-checking=release --without-target-system-zlib --enable-multiarch --enable-fix-cortex-a53-843419 --disable-werror --enable-checking=release --build=x86_64-linux-gnu --host=x86_64-linux-gnu --target=aarch64-linux-gnu --program-prefix=aarch64-linux-gnu- --includedir=/usr/aarch64-linux-gnu/include --with-build-config=bootstrap-lto-lean --enable-link-serialization=2]
  ignore line: [Thread model: posix]
  ignore line: [Supported LTO compression algorithms: zlib zstd]
  ignore line: [gcc version 11.4.0 (Ubuntu 11.4.0-1ubuntu1~22.04.3) ]
  ignore line: [COLLECT_GCC_OPTIONS='-v' '-o' 'CMakeFiles/cmTC_9bc46.dir/CMakeCCompilerABI.c.o' '-c' '-mlittle-endian' '-mabi=lp64' '-dumpdir' 'CMakeFiles/cmTC_9bc46.dir/']
  ignore line: [ /usr/lib/gcc-cross/aarch64-linux-gnu/11/cc1 -quiet -v -imultiarch aarch64-linux-gnu /usr/share/cmake-3.22/Modules/CMakeCCompilerABI.c -quiet -dumpdir CMakeFiles/cmTC_9bc46.dir/ -dumpbase CMakeCCompilerABI.c.c -dumpbase-ext .c -mlittle-endian -mabi=lp64 -version -fasynchronous-unwind-tables -fstack-protector-strong -Wformat -Wformat-security -fstack-clash-protection -o /tmp/ccLUY0vl.s]
  ignore line: [GNU C17 (Ubuntu 11.4.0-1ubuntu1~22.04.3) version 11.4.0 (aarch64-linux-gnu)]
  ignore line: [	compiled by GNU C version 11.4.0  GMP version 6.2.1  MPFR version 4.1.0  MPC version 1.2.1  isl version isl-0.24-GMP]
  ignore line: []
  ignore line: [GGC heuristics: --param ggc-min-expand=100 --param ggc-min-heapsize=131072]
  ignore line: [ignoring nonexistent directory "/usr/local/include/aarch64-linux-gnu"]
  ignore line: [ignoring nonexistent directory "/usr/lib/gcc-cross/aarch64-linux-gnu/11/include-fixed"]
  ignore line: [ignoring nonexistent directory "/usr/include/aarch64-linux-gnu"]
  ignore line: [#include "..." search starts here:]
  ignore line: [#include <...> search starts here:]
  ignore line: [ /usr/lib/gcc-cross/aarch64-linux-gnu/11/include]
  ignore line: [ /usr/lib/gcc-cross/aarch64-linux-gnu/11/../../../../aarch64-linux-gnu/include]
  ignore line: [ /usr/include]
  ignore line: [End of search list.]
  ignore line: [GNU C17 (Ubuntu 11.4.0-1ubuntu1~22.04.3) version 11.4.0 (aarch64-linux-gnu)]
  ignore line: [	compiled by GNU C version 11.4.0  GMP version 6.2.1  MPFR version 4.1.0  MPC version 1.2.1  isl version isl-0.24-GMP]
  ignore line: []
  ignore line: [GGC heuristics: --param ggc-min-expand=100 --param ggc-min-heapsize=131072]
  ignore line: [Compiler executable checksum: 2a6f833664a1d9b9ebcff0efa3d423b5]
  ignore line: [COLLECT_GCC_OPTIONS='-v' '-o' 'CMakeFiles/cmTC_9bc46.dir/CMakeCCompilerABI.c.o' '-c' '-mlittle-endian' '-mabi=lp64' '-dumpdir' 'CMakeFiles/cmTC_9bc46.dir/']
  ignore line: [ /usr/lib/gcc-cross/aarch64-linux-gnu/11/../../../../aarch64-linux-gnu/bin/as -v -EL -mabi=lp64 -o CMakeFiles/cmTC_9bc46.dir/CMakeCCompilerABI.c.o /tmp/ccLUY0vl.s]
  ignore line: [GNU assembler version 2.38 (aarch64-linux-gnu) using BFD version (GNU Binutils for Ubuntu) 2.38]
  ignore line: [COMPILER_PATH=/usr/lib/gcc-cross/aarch64-linux-gnu/11/:/usr/lib/gcc-cross/aarch64-linux-gnu/11/:/usr/lib/gcc-cross/aarch64-linux-gnu/:/usr/lib/gcc-cross/aarch64-linux-gnu/11/:/usr/lib/gcc-cross/aarch64-linux-gnu/:/usr/lib/gcc-cross/aarch64-linux-gnu/11/../../../../aarch64-linux-gnu/bin/]
  ignore line: [LIBRARY_PATH=/usr/lib/gcc-cross/aarch64-linux-gnu/11/:/usr/lib/gcc-cross/aarch64-linux-gnu/11/../../../../aarch64-linux-gnu/lib/../lib/:/lib/aarch64-linux-gnu/:/lib/../lib/:/usr/lib/aarch64-linux-gnu/:/usr/lib/../lib/:/usr/lib/gcc-cross/aarch64-linux-gnu/11/../../../../aarch64-linux-gnu/lib/:/lib/:/usr/lib/]
  ignore line: [COLLECT_GCC_OPTIONS='-v' '-o' 'CMakeFiles/cmTC_9bc46.dir/CMakeCCompilerABI.c.o' '-c' '-mlittle-endian' '-mabi=lp64' '-dumpdir' 'CMakeFiles/cmTC_9bc46.dir/CMakeCCompilerABI.c.']
  ignore line: [[2/2] Linking C executable cmTC_9bc46]
  ignore line: [Using built-in specs.]
  ignore line: [COLLECT_GCC=/usr/bin/aarch64-linux-gnu-gcc]
  ignore line: [COLLECT_LTO_WRAPPER=/usr/lib/gcc-cross/aarch64-linux-gnu/11/lto-wrapper]
  ignore line: [Target: aarch64-linux-gnu]
  ignore line: [Configured with: ../src/configure -v --with-pkgversion='Ubuntu 11.4.0-1ubuntu1~22.04.3' --with-bugurl=file:///usr/share/doc/gcc-11/README.Bugs --enable-languages=c ada c++ go d fortran objc obj-c++ m2 --prefix=/usr --with-gcc-major-version-only --program-suffix=-11 --enable-shared --enable-linker-build-id --libexecdir=/usr/lib --without-included-gettext --enable-threads=posix --libdir=/usr/lib --enable-nls --with-sysroot=/ --enable-clocale=gnu --enable-libstdcxx-debug --enable-libstdcxx-time=yes --with-default-libstdcxx-abi=new --enable-gnu-unique-object --disable-libquadmath --disable-libquadmath-support --enable-plugin --enable-default-pie --with-system-zlib --enable-libphobos-checking=release --without-target-system-zlib --enable-multiarch --enable-fix-cortex-a53-843419 --disable-werror --enable-checking=release --build=x86_64-linux-gnu --host=x86_64-linux-gnu --target=aarch64-linux-gnu --program-prefix=aarch64-linux-gnu- --includedir=/usr/aarch64-linux-gnu/include --with-build-config=bootstrap-lto-lean --enable-link-serialization=2]
  ignore line: [Thread model: posix]
  ignore line: [Supported LTO compression algorithms: zlib zstd]
  ignore line: [gcc version 11.4.0 (Ubuntu 11.4.0-1ubuntu1~22.04.3) ]
  ignore line: [COMPILER_PATH=/usr/lib/gcc-cross/aarch64-linux-gnu/11/:/usr/lib/gcc-cross/aarch64-linux-gnu/11/:/usr/lib/gcc-cross/aarch64-linux-gnu/:/usr/lib/gcc-cross/aarch64-linux-gnu/11/:/usr/lib/gcc-cross/aarch64-linux-gnu/:/usr/lib/gcc-cross/aarch64-linux-gnu/11/../../../../aarch64-linux-gnu/bin/]
  ignore line: [LIBRARY_PATH=/usr/lib/gcc-cross/aarch64-linux-gnu/11/:/usr/lib/gcc-cross/aarch64-linux-gnu/11/../../../../aarch64-linux-gnu/lib/../lib/:/lib/aarch64-linux-gnu/:/lib/../lib/:/usr/lib/aarch64-linux-gnu/:/usr/lib/../lib/:/usr/lib/gcc-cross/aarch64-linux-gnu/11/../../../../aarch64-linux-gnu/lib/:/lib/:/usr/lib/]
  ignore line: [COLLECT_GCC_OPTIONS='-static-libstdc++' '-static-libgcc' '-v' '-o' 'cmTC_9bc46' '-mlittle-endian' '-mabi=lp64' '-dumpdir' 'cmTC_9bc46.']
  link line: [ /usr/lib/gcc-cross/aarch64-linux-gnu/11/collect2 -plugin /usr/lib/gcc-cross/aarch64-linux-gnu/11/liblto_plugin.so -plugin-opt=/usr/lib/gcc-cross/aarch64-linux-gnu/11/lto-wrapper -plugin-opt=-fresolution=/tmp/ccaIJPf3.res -plugin-opt=-pass-through=-lgcc -plugin-opt=-pass-through=-lgcc_eh -plugin-opt=-pass-through=-lc -plugin-opt=-pass-through=-lgcc -plugin-opt=-pass-through=-lgcc_eh --sysroot=/ --build-id --eh-frame-hdr --hash-style=gnu --as-needed -dynamic-linker /lib/ld-linux-aarch64.so.1 -X -EL -maarch64linux --fix-cortex-a53-843419 -pie -z now -z relro -o cmTC_9bc46 /usr/lib/gcc-cross/aarch64-linux-gnu/11/../../../../aarch64-linux-gnu/lib/../lib/Scrt1.o /usr/lib/gcc-cross/aarch64-linux-gnu/11/../../../../aarch64-linux-gnu/lib/../lib/crti.o /usr/lib/gcc-cross/aarch64-linux-gnu/11/crtbeginS.o -L/usr/lib/gcc-cross/aarch64-linux-gnu/11 -L/usr/lib/gcc-cross/aarch64-linux-gnu/11/../../../../aarch64-linux-gnu/lib/../lib -L/lib/aarch64-linux-gnu -L/lib/../lib -L/usr/lib/aarch64-linux-gnu -L/usr/lib/../lib -L/usr/lib/gcc-cross/aarch64-linux-gnu/11/../../../../aarch64-linux-gnu/lib CMakeFiles/cmTC_9bc46.dir/CMakeCCompilerABI.c.o -lgcc -lgcc_eh -lc -lgcc -lgcc_eh /usr/lib/gcc-cross/aarch64-linux-gnu/11/crtendS.o /usr/lib/gcc-cross/aarch64-linux-gnu/11/../../../../aarch64-linux-gnu/lib/../lib/crtn.o]
    arg [/usr/lib/gcc-cross/aarch64-linux-gnu/11/collect2] ==> ignore
    arg [-plugin] ==> ignore
    arg [/usr/lib/gcc-cross/aarch64-linux-gnu/11/liblto_plugin.so] ==> ignore
    arg [-plugin-opt=/usr/lib/gcc-cross/aarch64-linux-gnu/11/lto-wrapper] ==> ignore
    arg [-plugin-opt=-fresolution=/tmp/ccaIJPf3.res] ==> ignore
    arg [-plugin-opt=-pass-through=-lgcc] ==> ignore
    arg [-plugin-opt=-pass-through=-lgcc_eh] ==> ignore
    arg [-plugin-opt=-pass-through=-lc] ==> ignore
    arg [-plugin-opt=-pass-through=-lgcc] ==> ignore
    arg [-plugin-opt=-pass-through=-lgcc_eh] ==> ignore
    arg [--sysroot=/] ==> ignore
    arg [--build-id] ==> ignore
    arg [--eh-frame-hdr] ==> ignore
    arg [--hash-style=gnu] ==> ignore
    arg [--as-needed] ==> ignore
    arg [-dynamic-linker] ==> ignore
    arg [/lib/ld-linux-aarch64.so.1] ==> ignore
    arg [-X] ==> ignore
    arg [-EL] ==> ignore
    arg [-maarch64linux] ==> ignore
    arg [--fix-cortex-a53-843419] ==> ignore
    arg [-pie] ==> ignore
    arg [-znow] ==> ignore
    arg [-zrelro] ==> ignore
    arg [-o] ==> ignore
    arg [cmTC_9bc46] ==> ignore
    arg [/usr/lib/gcc-cross/aarch64-linux-gnu/11/../../../../aarch64-linux-gnu/lib/../lib/Scrt1.o] ==> obj [/usr/lib/gcc-cross/aarch64-linux-gnu/11/../../../../aarch64-linux-gnu/lib/../lib/Scrt1.o]
    arg [/usr/lib/gcc-cross/aarch64-linux-gnu/11/../../../../aarch64-linux-gnu/lib/../lib/crti.o] ==> obj [/usr/lib/gcc-cross/aarch64-linux-gnu/11/../../../../aarch64-linux-gnu/lib/../lib/crti.o]
    arg [/usr/lib/gcc-cross/aarch64-linux-gnu/11/crtbeginS.o] ==> obj [/usr/lib/gcc-cross/aarch64-linux-gnu/11/crtbeginS.o]
    arg [-L/usr/lib/gcc-cross/aarch64-linux-gnu/11] ==> dir [/usr/lib/gcc-cross/aarch64-linux-gnu/11]
    arg [-L/usr/lib/gcc-cross/aarch64-linux-gnu/11/../../../../aarch64-linux-gnu/lib/../lib] ==> dir [/usr/lib/gcc-cross/aarch64-linux-gnu/11/../../../../aarch64-linux-gnu/lib/../lib]
    arg [-L/lib/aarch64-linux-gnu] ==> dir [/lib/aarch64-linux-gnu]
    arg [-L/lib/../lib] ==> dir [/lib/../lib]
    arg [-L/usr/lib/aarch64-linux-gnu] ==> dir [/usr/lib/aarch64-linux-gnu]
    arg [-L/usr/lib/../lib] ==> dir [/usr/lib/../lib]
    arg [-L/usr/lib/gcc-cross/aarch64-linux-gnu/11/../../../../aarch64-linux-gnu/lib] ==> dir [/usr/lib/gcc-cross/aarch64-linux-gnu/11/../../../../aarch64-linux-gnu/lib]
    arg [CMakeFiles/cmTC_9bc46.dir/CMakeCCompilerABI.c.o] ==> ignore
    arg [-lgcc] ==> lib [gcc]
    arg [-lgcc_eh] ==> lib [gcc_eh]
    arg [-lc] ==> lib [c]
    arg [-lgcc] ==> lib [gcc]
    arg [-lgcc_eh] ==> lib [gcc_eh]
    arg [/usr/lib/gcc-cross/aarch64-linux-gnu/11/crtendS.o] ==> obj [/usr/lib/gcc-cross/aarch64-linux-gnu/11/crtendS.o]
    arg [/usr/lib/gcc-cross/aarch64-linux-gnu/11/../../../../aarch64-linux-gnu/lib/../lib/crtn.o] ==> obj [/usr/lib/gcc-cross/aarch64-linux-gnu/11/../../../../aarch64-linux-gnu/lib/../lib/crtn.o]
  remove lib [gcc_eh]
  remove lib [gcc_eh]
  collapse obj [/usr/lib/gcc-cross/aarch64-linux-gnu/11/../../../../aarch64-linux-gnu/lib/../lib/Scrt1.o] ==> [/usr/aarch64-linux-gnu/lib/Scrt1.o]
  collapse obj [/usr/lib/gcc-cross/aarch64-linux-gnu/11/../../../../aarch64-linux-gnu/lib/../lib/crti.o] ==> [/usr/aarch64-linux-gnu/lib/crti.o]
  collapse obj [/usr/lib/gcc-cross/aarch64-linux-gnu/11/../../../../aarch64-linux-gnu/lib/../lib/crtn.o] ==> [/usr/aarch64-linux-gnu/lib/crtn.o]
  collapse library dir [/usr/lib/gcc-cross/aarch64-linux-gnu/11] ==> [/usr/lib/gcc-cross/aarch64-linux-gnu/11]
  collapse library dir [/usr/lib/gcc-cross/aarch64-linux-gnu/11/../../../../aarch64-linux-gnu/lib/../lib] ==> [/usr/aarch64-linux-gnu/lib]
  collapse library dir [/lib/aarch64-linux-gnu] ==> [/lib/aarch64-linux-gnu]
  collapse library dir [/lib/../lib] ==> [/lib]
  collapse library dir [/usr/lib/aarch64-linux-gnu] ==> [/usr/lib/aarch64-linux-gnu]
  collapse library dir [/usr/lib/../lib] ==> [/usr/lib]
  collapse library dir [/usr/lib/gcc-cross/aarch64-linux-gnu/11/../../../../aarch64-linux-gnu/lib] ==> [/usr/aarch64-linux-gnu/lib]
  implicit libs: [gcc;c;gcc]
  implicit objs: [/usr/aarch64-linux-gnu/lib/Scrt1.o;/usr/aarch64-linux-gnu/lib/crti.o;/usr/lib/gcc-cross/aarch64-linux-gnu/11/crtbeginS.o;/usr/lib/gcc-cross/aarch64-linux-gnu/11/crtendS.o;/usr/aarch64-linux-gnu/lib/crtn.o]
  implicit dirs: [/usr/lib/gcc-cross/aarch64-linux-gnu/11;/usr/aarch64-linux-gnu/lib;/lib/aarch64-linux-gnu;/lib;/usr/lib/aarch64-linux-gnu;/usr/lib]
  implicit fwks: []


Detecting CXX compiler ABI info compiled with the following output:
Change Dir: /home/nie/IotEdgeGateway/build-aarch64/CMakeFiles/CMakeTmp

Run Build Command(s):/usr/bin/ninja cmTC_adcf0 && [1/2] Building CXX object CMakeFiles/cmTC_adcf0.dir/CMakeCXXCompilerABI.cpp.o
Using built-in specs.
COLLECT_GCC=/usr/bin/aarch64-linux-gnu-g++
Target: aarch64-linux-gnu
Configured with: ../src/configure -v --with-pkgversion='Ubuntu 11.4.0-1ubuntu1~22.04.3' --with-bugurl=file:///usr/share/doc/gcc-11/README.Bugs --enable-languages=c,ada,c++,go,d,fortran,objc,obj-c++,m2 --prefix=/usr --with-gcc-major-version-only --program-suffix=-11 --enable-shared --enable-linker-build-id --libexecdir=/usr/lib --without-included-gettext --enable-threads=posix --libdir=/usr/lib --enable-nls --with-sysroot=/ --enable-clocale=gnu --enable-libstdcxx-debug --enable-libstdcxx-time=yes --with-default-libstdcxx-abi=new --enable-gnu-unique-object --disable-libquadmath --disable-libquadmath-support --enable-plugin --enable-default-pie --with-system-zlib --enable-libphobos-checking=release --without-target-system-zlib --enable-multiarch --enable-fix-cortex-a53-843419 --disable-werror --enable-checking=release --build=x86_64-linux-gnu --host=x86_64-linux-gnu --target=aarch64-linux-gnu --program-prefix=aarch64-linux-gnu- --includedir=/usr/aarch64-linux-gnu/include --with-build-config=bootstrap-lto-lean --enable-link-serialization=2
Thread model: posix
Supported LTO compression algorithms: zlib zstd
gcc version 11.4.0 (Ubuntu 11.4.0-1ubuntu1~22.04.3) 
COLLECT_GCC_OPTIONS='-v' '-o' 'CMakeFiles/cmTC_adcf0.dir/CMakeCXXCompilerABI.cpp.o' '-c' '-shared-libgcc' '-mlittle-endian' '-mabi=lp64' '-dumpdir' 'CMakeFiles/cmTC_adcf0.dir/'
 /usr/lib/gcc-cross/aarch64-linux-gnu/11/cc1plus -quiet -v -imultiarch aarch64-linux-gnu -D_GNU_SOURCE /usr/share/cmake-3.22/Modules/CMakeCXXCompilerABI.cpp -quiet -dumpdir CMakeFiles/cmTC_adcf0.dir/ -dumpbase CMakeCXXCompilerABI.cpp.cpp -dumpbase-ext .cpp -mlittle-endian -mabi=lp64 -version -fasynchronous-unwind-tables -fstack-protector-strong -Wformat -Wformat-security -fstack-clash-protection -o /tmp/cckZeBqA.s
GNU C++17 (Ubuntu 11.4.0-1ubuntu1~22.04.3) version 11.4.0 (aarch64-linux-gnu)
	compiled by GNU C version 11.4.0, GMP version 6.2.1, MPFR version 4.1.0, MPC version 1.2.1, isl version isl-0.24-GMP

GGC heuristics: --param ggc-min-expand=100 --param ggc-min-heapsize=131072
ignoring nonexistent directory "/usr/local/include/aarch64-linux-gnu"
ignoring nonexistent directory "/usr/lib/gcc-cross/aarch64-linux-gnu/11/include-fixed"
ignoring nonexistent directory "/usr/include/aarch64-linux-gnu"
#include "..." search starts here:
#include <...> search starts here:
 /usr/lib/gcc-cross/aarch64-linux-gnu/11/../../../../aarch64-linux-gnu/include/c++/11
 /usr/lib/gcc-cross/aarch64-linux-gnu/11/../../../../aarch64-linux-gnu/include/c++/11/aarch64-linux-gnu
 /usr/lib/gcc-cross/aarch64-linux-gnu/11/../../../../aarch64-linux-gnu/include/c++/11/backward
 /usr/lib/gcc-cross/aarch64-linux-gnu/11/include
 /usr/lib/gcc-cross/aarch64-linux-gnu/11/../../../../aarch64-linux-gnu/include
 /usr/include
End of search list.
GNU C++17 (Ubuntu 11.4.0-1ubuntu1~22.04.3) version 11.4.0 (aarch64-linux-gnu)
	compiled by GNU C version 11.4.0, GMP version 6.2.1, MPFR version 4.1.0, MPC version 1.2.1, isl version isl-0.24-GMP

GGC heuristics: --param ggc-min-expand=100 --param ggc-min-heapsize=131072
Compiler executable checksum: 56b4eda66f4f59c854dcb9a0faafd48e
COLLECT_GCC_OPTIONS='-v' '-o' 'CMakeFiles/cmTC_adcf0.dir/CMakeCXXCompilerABI.cpp.o' '-c' '-shared-libgcc' '-mlittle-endian' '-mabi=lp64' '-dumpdir' 'CMakeFiles/cmTC_adcf0.dir/'
 /usr/lib/gcc-cross/aarch64-linux-gnu/11/../../../../aarch64-linux-gnu/bin/as -v -EL -mabi=lp64 -o CMakeFiles/cmTC_adcf0.dir/CMakeCXXCompilerABI.cpp.o /tmp/cckZeBqA.s
GNU assembler version 2.38 (aarch64-linux-gnu) using BFD version (GNU Binutils for Ubuntu) 2.38
COMPILER_PATH=/usr/lib/gcc-cross/aarch64-linux-gnu/11/:/usr/lib/gcc-cross/aarch64-linux-gnu/11/:/usr/lib/gcc-cross/aarch64-linux-gnu/:/usr/lib/gcc-cross/aarch64-linux-gnu/11/:/usr/lib/gcc-cross/aarch64-linux-gnu/:/usr/lib/gcc-cross/aarch64-linux-gnu/11/../../../../aarch64-linux-gnu/bin/
LIBRARY_PATH=/usr/lib/gcc-cross/aarch64-linux-gnu/11/:/usr/lib/gcc-cross/aarch64-linux-gnu/11/../../../../aarch64-linux-gnu/lib/../lib/:/lib/aarch64-linux-gnu/:/lib/../lib/:/usr/lib/aarch64-linux-gnu/:/usr/lib/../lib/:/usr/lib/gcc-cross/aarch64-linux-gnu/11/../../../../aarch64-linux-gnu/lib/:/lib/:/usr/lib/
COLLECT_GCC_OPTIONS='-v' '-o' 'CMakeFiles/cmTC_adcf0.dir/CMakeCXXCompilerABI.cpp.o' '-c' '-shared-libgcc' '-mlittle-endian' '-mabi=lp64' '-dumpdir' 'CMakeFiles/cmTC_adcf0.dir/CMakeCXXCompilerABI.cpp.'
[2/2] Linking CXX executable cmTC_adcf0
Using built-in specs.
COLLECT_GCC=/usr/bin/aarch64-linux-gnu-g++
COLLECT_LTO_WRAPPER=/usr/lib/gcc-cross/aarch64-linux-gnu/11/lto-wrapper
Target: aarch64-linux-gnu
Configured with: ../src/configure -v --with-pkgversion='Ubuntu 11.4.0-1ubuntu1~22.04.3' --with-bugurl=file:///usr/share/doc/gcc-11/README.Bugs --enable-languages=c,ada,c++,go,d,fortran,objc,obj-c++,m2 --prefix=/usr --with-gcc-major-version-only --program-suffix=-11 --enable-shared --enable-linker-build-id --libexecdir=/usr/lib --without-included-gettext --enable-threads=posix --libdir=/usr/lib --enable-nls --with-sysroot=/ --enable-clocale=gnu --enable-libstdcxx-debug --enable-libstdcxx-time=yes --with-default-libstdcxx-abi=new --enable-gnu-unique-object --disable-libquadmath --disable-libquadmath-support --enable-plugin --enable-default-pie --with-system-zlib --enable-libphobos-checking=release --without-target-system-zlib --enable-multiarch --enable-fix-cortex-a53-843419 --disable-werror --enable-checking=release --build=x86_64-linux-gnu --host=x86_64-linux-gnu --target=aarch64-linux-gnu --program-prefix=aarch64-linux-gnu- --includedir=/usr/aarch64-linux-gnu/include --with-build-config=bootstrap-lto-lean --enable-link-serialization=2
Thread model: posix
Supported LTO compression algorithms: zlib zstd
gcc version 11.4.0 (Ubuntu 11.4.0-1ubuntu1~22.04.3) 
COMPILER_PATH=/usr/lib/gcc-cross/aarch64-linux-gnu/11/:/usr/lib/gcc-cross/aarch64-linux-gnu/11/:/usr/lib/gcc-cross/aarch64-linux-gnu/:/usr/lib/gcc-cross/aarch64-linux-gnu/11/:/usr/lib/gcc-cross/aarch64-linux-gnu/:/usr/lib/gcc-cross/aarch64-linux-gnu/11/../../../../aarch64-linux-gnu/bin/
LIBRARY_PATH=/usr/lib/gcc-cross/aarch64-linux-gnu/11/:/usr/lib/gcc-cross/aarch64-linux-gnu/11/../../../../aarch64-linux-gnu/lib/../lib/:/lib/aarch64-linux-gnu/:/lib/../lib/:/usr/lib/aarch64-linux-gnu/:/usr/lib/../lib/:/usr/lib/gcc-cross/aarch64-linux-gnu/11/../../../../aarch64-linux-gnu/lib/:/lib/:/usr/lib/
COLLECT_GCC_OPTIONS='-static-libgcc' '-v' '-o' 'cmTC_adcf0' '-mlittle-endian' '-mabi=lp64' '-dumpdir' 'cmTC_adcf0.'
 /usr/lib/gcc-cross/aarch64-linux-gnu/11/collect2 -plugin /usr/lib/gcc-cross/aarch64-linux-gnu/11/liblto_plugin.so -plugin-opt=/usr/lib/gcc-cross/aarch64-linux-gnu/11/lto-wrapper -plugin-opt=-fresolution=/tmp/ccQ0Sk3m.res -plugin-opt=-pass-through=-lgcc -plugin-opt=-pass-through=-lgcc_eh -plugin-opt=-pass-through=-lc -plugin-opt=-pass-through=-lgcc -plugin-opt=-pass-through=-lgcc_eh --sysroot=/ --build-id --eh-frame-hdr --hash-style=gnu --as-needed -dynamic-linker /lib/ld-linux-aarch64.so.1 -X -EL -maarch64linux --fix-cortex-a53-843419 -pie -z now -z relro -o cmTC_adcf0 /usr/lib/gcc-cross/aarch64-linux-gnu/11/../../../../aarch64-linux-gnu/lib/../lib/Scrt1.o /usr/lib/gcc-cross/aarch64-linux-gnu/11/../../../../aarch64-linux-gnu/lib/../lib/crti.o /usr/lib/gcc-cross/aarch64-linux-gnu/11/crtbeginS.o -L/usr/lib/gcc-cross/aarch64-linux-gnu/11 -L/usr/lib/gcc-cross/aarch64-linux-gnu/11/../../../../aarch64-linux-gnu/lib/../lib -L/lib/aarch64-linux-gnu -L/lib/../lib -L/usr/lib/aarch64-linux-gnu -L/usr/lib/../lib -L/usr/lib/gcc-cross/aarch64-linux-gnu/11/../../../../aarch64-linux-gnu/lib CMakeFiles/cmTC_adcf0.dir/CMakeCXXCompilerABI.cpp.o -Bstatic -lstdc++ -Bdynamic -lm -lgcc -lgcc_eh -lc -lgcc -lgcc_eh /usr/lib/gcc-cross/aarch64-linux-gnu/11/crtendS.o /usr/lib/gcc-cross/aarch64-linux-gnu/11/../../../../aarch64-linux-gnu/lib/../lib/crtn.o
COLLECT_GCC_OPTIONS='-static-libgcc' '-v' '-o' 'cmTC_adcf0' '-mlittle-endian' '-mabi=lp64' '-dumpdir' 'cmTC_adcf0.'



Parsed CXX implicit include dir info from above output: rv=done
  found start of include info
  found start of implicit include info
    add: [/usr/lib/gcc-cross/aarch64-linux-gnu/11/../../../../aarch64-linux-gnu/include/c++/11]
    add: [/usr/lib/gcc-cross/aarch64-linux-gnu/11/../../../../aarch64-linux-gnu/include/c++/11/aarch64-linux-gnu]
    add: [/usr/lib/gcc-cross/aarch64-linux-gnu/11/../../../../aarch64-linux-gnu/include/c++/11/backward]
    add: [/usr/lib/gcc-cross/aarch64-linux-gnu/11/include]
    add: [/usr/lib/gcc-cross/aarch64-linux-gnu/11/../../../../aarch64-linux-gnu/include]
    add: [/usr/include]
  end of search list found
  collapse include dir [/usr/lib/gcc-cross/aarch64-linux-gnu/11/../../../../aarch64-linux-gnu/include/c++/11] ==> [/usr/aarch64-linux-gnu/include/c++/11]
  collapse include dir [/usr/lib/gcc-cross/aarch64-linux-gnu/11/../../../../aarch64-linux-gnu/include/c++/11/aarch64-linux-gnu] ==> [/usr/aarch64-linux-gnu/include/c++/11/aarch64-linux-gnu]
  collapse include dir [/usr/lib/gcc-cross/aarch64-linux-gnu/11/../../../../aarch64-linux-gnu/include/c++/11/backward] ==> [/usr/aarch64-linux-gnu/include/c++/11/backward]
  collapse include dir [/usr/lib/gcc-cross/aarch64-linux-gnu/11/include] ==> [/usr/lib/gcc-cross/aarch64-linux-gnu/11/include]
  collapse include dir [/usr/lib/gcc-cross/aarch64-linux-gnu/11/../../../../aarch64-linux-gnu/include] ==> [/usr/aarch64-linux-gnu/include]
  collapse include dir [/usr/include] ==> [/usr/include]
  implicit include dirs: [/usr/aarch64-linux-gnu/include/c++/11;/usr/aarch64-linux-gnu/include/c++/11/aarch64-linux-gnu;/usr/aarch64-linux-gnu/include/c++/11/backward;/usr/lib/gcc-cross/aarch64-linux-gnu/11/include;/usr/aarch64-linux-gnu/include;/usr/include]


Parsed CXX implicit link information from above output:
  link line regex: [^( *|.*[/\])(aarch64-linux-gnu-ld|CMAKE_LINK_STARTFILE-NOTFOUND|([^/\]+-)?ld|collect2)[^/\]*( |$)]
  ignore line: [Change Dir: /home/nie/IotEdgeGateway/build-aarch64/CMakeFiles/CMakeTmp]
  ignore line: []
  ignore line: [Run Build Command(s):/usr/bin/ninja cmTC_adcf0 && [1/2] Building CXX object CMakeFiles/cmTC_adcf0.dir/CMakeCXXCompilerABI.cpp.o]
  ignore line: [Using built-in specs.]
  ignore line: [COLLECT_GCC=/usr/bin/aarch64-linux-gnu-g++]
  ignore line: [Target: aarch64-linux-gnu]
  ignore line: [Configured with: ../src/configure -v --with-pkgversion='Ubuntu 11.4.0-1ubuntu1~22.04.3' --with-bugurl=file:///usr/share/doc/gcc-11/README.Bugs --enable-languages=c ada c++ go d fortran objc obj-c++ m2 --prefix=/usr --with-gcc-major-version-only --program-suffix=-11 --enable-shared --enable-linker-build-id --libexecdir=/usr/lib --without-included-gettext --enable-threads=posix --libdir=/usr/lib --enable-nls --with-sysroot=/ --enable-clocale=gnu --enable-libstdcxx-debug --enable-libstdcxx-time=yes --with-default-libstdcxx-abi=new --enable-gnu-unique-object --disable-libquadmath --disable-libquadmath-support --enable-plugin --enable-default-pie --with-system-zlib --enable-libphobos-checking=release --without-target-system-zlib --enable-multiarch --enable-fix-cortex-a53-843419 --disable-werror --enable-checking=release --build=x86_64-linux-gnu --host=x86_64-linux-gnu --target=aarch64-linux-gnu --program-prefix=aarch64-linux-gnu- --includedir=/usr/aarch64-linux-gnu/include --with-build-config=bootstrap-lto-lean --enable-link-serialization=2]
  ignore line: [Thread model: posix]
  ignore line: [Supported LTO compression algorithms: zlib zstd]
  ignore line: [gcc version 11.4.0 (Ubuntu 11.4.0-1ubuntu1~22.04.3) ]
  ignore line: [COLLECT_GCC_OPTIONS='-v' '-o' 'CMakeFiles/cmTC_adcf0.dir/CMakeCXXCompilerABI.cpp.o' '-c' '-shared-libgcc' '-mlittle-endian' '-mabi=lp64' '-dumpdir' 'CMakeFiles/cmTC_adcf0.dir/']
  ignore line: [ /usr/lib/gcc-cross/aarch64-linux-gnu/11/cc1plus -quiet -v -imultiarch aarch64-linux-gnu -D_GNU_SOURCE /usr/share/cmake-3.22/Modules/CMakeCXXCompilerABI.cpp -quiet -dumpdir CMakeFiles/cmTC_adcf0.dir/ -dumpbase CMakeCXXCompilerABI.cpp.cpp -dumpbase-ext .cpp -mlittle-endian -mabi=lp64 -version -fasynchronous-unwind-tables -fstack-protector-strong -Wformat -Wformat-security -fstack-clash-protection -o /tmp/cckZeBqA.s]
  ignore line: [GNU C++17 (Ubuntu 11.4.0-1ubuntu1~22.04.3) version 11.4.0 (aarch64-linux-gnu)]
  ignore line: [	compiled by GNU C version 11.4.0  GMP version 6.2.1  MPFR version 4.1.0  MPC version 1.2.1  isl version isl-0.24-GMP]
  ignore line: []
  ignore line: [GGC heuristics: --param ggc-min-expand=100 --param ggc-min-heapsize=131072]
  ignore line: [ignoring nonexistent directory "/usr/local/include/aarch64-linux-gnu"]
  ignore line: [ignoring nonexistent directory "/usr/lib/gcc-cross/aarch64-linux-gnu/11/include-fixed"]
  ignore line: [ignoring nonexistent directory "/usr/include/aarch64-linux-gnu"]
  ignore line: [#include "..." search starts here:]
  ignore line: [#include <...> search starts here:]
  ignore line: [ /usr/lib/gcc-cross/aarch64-linux-gnu/11/../../../../aarch64-linux-gnu/include/c++/11]
  ignore line: [ /usr/lib/gcc-cross/aarch64-linux-gnu/11/../../../../aarch64-linux-gnu/include/c++/11/aarch64-linux-gnu]
  ignore line: [ /usr/lib/gcc-cross/aarch64-linux-gnu/11/../../../../aarch64-linux-gnu/include/c++/11/backward]
  ignore line: [ /usr/lib/gcc-cross/aarch64-linux-gnu/11/include]
  ignore line: [ /usr/lib/gcc-cross/aarch64-linux-gnu/11/../../../../aarch64-linux-gnu/include]
  ignore line: [ /usr/include]
  ignore line: [End of search list.]
  ignore line: [GNU C++17 (Ubuntu 11.4.0-1ubuntu1~22.04.3) version 11.4.0 (aarch64-linux-gnu)]
  ignore line: [	compiled by GNU C version 11.4.0  GMP version 6.2.1  MPFR version 4.1.0  MPC version 1.2.1  isl version isl-0.24-GMP]
  ignore line: []
  ignore line: [GGC heuristics: --param ggc-min-expand=100 --param ggc-min-heapsize=131072]
  ignore line: [Compiler executable checksum: 56b4eda66f4f59c854dcb9a0faafd48e]
  ignore line: [COLLECT_GCC_OPTIONS='-v' '-o' 'CMakeFiles/cmTC_adcf0.dir/CMakeCXXCompilerABI.cpp.o' '-c' '-shared-libgcc' '-mlittle-endian' '-mabi=lp64' '-dumpdir' 'CMakeFiles/cmTC_adcf0.dir/']
  ignore line: [ /usr/lib/gcc-cross/aarch64-linux-gnu/11/../../../../aarch64-linux-gnu/bin/as -v -EL -mabi=lp64 -o CMakeFiles/cmTC_adcf0.dir/CMakeCXXCompilerABI.cpp.o /tmp/cckZeBqA.s]
  ignore line: [GNU assembler version 2.38 (aarch64-linux-gnu) using BFD version (GNU Binutils for Ubuntu) 2.38]
  ignore line: [COMPILER_PATH=/usr/lib/gcc-cross/aarch64-linux-gnu/11/:/usr/lib/gcc-cross/aarch64-linux-gnu/11/:/usr/lib/gcc-cross/aarch64-linux-gnu/:/usr/lib/gcc-cross/aarch64-linux-gnu/11/:/usr/lib/gcc-cross/aarch64-linux-gnu/:/usr/lib/gcc-cross/aarch64-linux-gnu/11/../../../../aarch64-linux-gnu/bin/]
  ignore line: [LIBRARY_PATH=/usr/lib/gcc-cross/aarch64-linux-gnu/11/:/usr/lib/gcc-cross/aarch64-linux-gnu/11/../../../../aarch64-linux-gnu/lib/../lib/:/lib/aarch64-linux-gnu/:/lib/../lib/:/usr/lib/aarch64-linux-gnu/:/usr/lib/../lib/:/usr/lib/gcc-cross/aarch64-linux-gnu/11/../../../../aarch64-linux-gnu/lib/:/lib/:/usr/lib/]
  ignore line: [COLLECT_GCC_OPTIONS='-v' '-o' 'CMakeFiles/cmTC_adcf0.dir/CMakeCXXCompilerABI.cpp.o' '-c' '-shared-libgcc' '-mlittle-endian' '-mabi=lp64' '-dumpdir' 'CMakeFiles/cmTC_adcf0.dir/CMakeCXXCompilerABI.cpp.']
  ignore line: [[2/2] Linking CXX executable cmTC_adcf0]
  ignore line: [Using built-in specs.]
  ignore line: [COLLECT_GCC=/usr/bin/aarch64-linux-gnu-g++]
  ignore line: [COLLECT_LTO_WRAPPER=/usr/lib/gcc-cross/aarch64-linux-gnu/11/lto-wrapper]
  ignore line: [Target: aarch64-linux-gnu]
  ignore line: [Configured with: ../src/configure -v --with-pkgversion='Ubuntu 11.4.0-1ubuntu1~22.04.3' --with-bugurl=file:///usr/share/doc/gcc-11/README.Bugs --enable-languages=c ada c++ go d fortran objc obj-c++ m2 --prefix=/usr --with-gcc-major-version-only --program-suffix=-11 --enable-shared --enable-linker-build-id --libexecdir=/usr/lib --without-included-gettext --enable-threads=posix --libdir=/usr/lib --enable-nls --with-sysroot=/ --enable-clocale=gnu --enable-libstdcxx-debug --enable-libstdcxx-time=yes --with-default-libstdcxx-abi=new --enable-gnu-unique-object --disable-libquadmath --disable-libquadmath-support --enable-plugin --enable-default-pie --with-system-zlib --enable-libphobos-checking=release --without-target-system-zlib --enable-multiarch --enable-fix-cortex-a53-843419 --disable-werror --enable-checking=release --build=x86_64-linux-gnu --host=x86_64-linux-gnu --target=aarch64-linux-gnu --program-prefix=aarch64-linux-gnu- --includedir=/usr/aarch64-linux-gnu/include --with-build-config=bootstrap-lto-lean --enable-link-serialization=2]
  ignore line: [Thread model: posix]
  ignore line: [Supported LTO compression algorithms: zlib zstd]
  ignore line: [gcc version 11.4.0 (Ubuntu 11.4.0-1ubuntu1~22.04.3) ]
  ignore line: [COMPILER_PATH=/usr/lib/gcc-cross/aarch64-linux-gnu/11/:/usr/lib/gcc-cross/aarch64-linux-gnu/11/:/usr/lib/gcc-cross/aarch64-linux-gnu/:/usr/lib/gcc-cross/aarch64-linux-gnu/11/:/usr/lib/gcc-cross/aarch64-linux-gnu/:/usr/lib/gcc-cross/aarch64-linux-gnu/11/../../../../aarch64-linux-gnu/bin/]
  ignore line: [LIBRARY_PATH=/usr/lib/gcc-cross/aarch64-linux-gnu/11/:/usr/lib/gcc-cross/aarch64-linux-gnu/11/../../../../aarch64-linux-gnu/lib/../lib/:/lib/aarch64-linux-gnu/:/lib/../lib/:/usr/lib/aarch64-linux-gnu/:/usr/lib/../lib/:/usr/lib/gcc-cross/aarch64-linux-gnu/11/../../../../aarch64-linux-gnu/lib/:/lib/:/usr/lib/]
  ignore line: [COLLECT_GCC_OPTIONS='-static-libgcc' '-v' '-o' 'cmTC_adcf0' '-mlittle-endian' '-mabi=lp64' '-dumpdir' 'cmTC_adcf0.']
  link line: [ /usr/lib/gcc-cross/aarch64-linux-gnu/11/collect2 -plugin /usr/lib/gcc-cross/aarch64-linux-gnu/11/liblto_plugin.so -plugin-opt=/usr/lib/gcc-cross/aarch64-linux-gnu/11/lto-wrapper -plugin-opt=-fresolution=/tmp/ccQ0Sk3m.res -plugin-opt=-pass-through=-lgcc -plugin-opt=-pass-through=-lgcc_eh -plugin-opt=-pass-through=-lc -plugin-opt=-pass-through=-lgcc -plugin-opt=-pass-through=-lgcc_eh --sysroot=/ --build-id --eh-frame-hdr --hash-style=gnu --as-needed -dynamic-linker /lib/ld-linux-aarch64.so.1 -X -EL -maarch64linux --fix-cortex-a53-843419 -pie -z now -z relro -o cmTC_adcf0 /usr/lib/gcc-cross/aarch64-linux-gnu/11/../../../../aarch64-linux-gnu/lib/../lib/Scrt1.o /usr/lib/gcc-cross/aarch64-linux-gnu/11/../../../../aarch64-linux-gnu/lib/../lib/crti.o /usr/lib/gcc-cross/aarch64-linux-gnu/11/crtbeginS.o -L/usr/lib/gcc-cross/aarch64-linux-gnu/11 -L/usr/lib/gcc-cross/aarch64-linux-gnu/11/../../../../aarch64-linux-gnu/lib/../lib -L/lib/aarch64-linux-gnu -L/lib/../lib -L/usr/lib/aarch64-linux-gnu -L/usr/lib/../lib -L/usr/lib/gcc-cross/aarch64-linux-gnu/11/../../../../aarch64-linux-gnu/lib CMakeFiles/cmTC_adcf0.dir/CMakeCXXCompilerABI.cpp.o -Bstatic -lstdc++ -Bdynamic -lm -lgcc -lgcc_eh -lc -lgcc -lgcc_eh /usr/lib/gcc-cross/aarch64-linux-gnu/11/crtendS.o /usr/lib/gcc-cross/aarch64-linux-gnu/11/../../../../aarch64-linux-gnu/lib/../lib/crtn.o]
    arg [/usr/lib/gcc-cross/aarch64-linux-gnu/11/collect2] ==> ignore
    arg [-plugin] ==> ignore
    arg [/usr/lib/gcc-cross/aarch64-linux-gnu/11/liblto_plugin.so] ==> ignore
    arg [-plugin-opt=/usr/lib/gcc-cross/aarch64-linux-gnu/11/lto-wrapper] ==> ignore
    arg [-plugin-opt=-fresolution=/tmp/ccQ0Sk3m.res] ==> ignore
    arg [-plugin-opt=-pass-through=-lgcc] ==> ignore
    arg [-plugin-opt=-pass-through=-lgcc_eh] ==> ignore
    arg [-plugin-opt=-pass-through=-lc] ==> ignore
    arg [-plugin-opt=-pass-through=-lgcc] ==> ignore
    arg [-plugin-opt=-pass-through=-lgcc_eh] ==> ignore
    arg [--sysroot=/] ==> ignore
    arg [--build-id] ==> ignore
    arg [--eh-frame-hdr] ==> ignore
    arg [--hash-style=gnu] ==> ignore
    arg [--as-needed] ==> ignore
    arg [-dynamic-linker] ==> ignore
    arg [/lib/ld-linux-aarch64.so.1] ==> ignore
    arg [-X] ==> ignore
    arg [-EL] ==> ignore
    arg [-maarch64linux] ==> ignore
    arg [--fix-cortex-a53-843419] ==> ignore
    arg [-pie] ==> ignore
    arg [-znow] ==> ignore
    arg [-zrelro] ==> ignore
    arg [-o] ==> ignore
    arg [cmTC_adcf0] ==> ignore
    arg [/usr/lib/gcc-cross/aarch64-linux-gnu/11/../../../../aarch64-linux-gnu/lib/../lib/Scrt1.o] ==> obj [/usr/lib/gcc-cross/aarch64-linux-gnu/11/../../../../aarch64-linux-gnu/lib/../lib/Scrt1.o]
    arg [/usr/lib/gcc-cross/aarch64-linux-gnu/11/../../../../aarch64-linux-gnu/lib/../lib/crti.o] ==> obj [/usr/lib/gcc-cross/aarch64-linux-gnu/11/../../../../aarch64-linux-gnu/lib/../lib/crti.o]
    arg [/usr/lib/gcc-cross/aarch64-linux-gnu/11/crtbeginS.o] ==> obj [/usr/lib/gcc-cross/aarch64-linux-gnu/11/crtbeginS.o]
    arg [-L/usr/lib/gcc-cross/aarch64-linux-gnu/11] ==> dir [/usr/lib/gcc-cross/aarch64-linux-gnu/11]
    arg [-L/usr/lib/gcc-cross/aarch64-linux-gnu/11/../../../../aarch64-linux-gnu/lib/../lib] ==> dir [/usr/lib/gcc-cross/aarch64-linux-gnu/11/../../../../aarch64-linux-gnu/lib/../lib]
    arg [-L/lib/aarch64-linux-gnu] ==> dir [/lib/aarch64-linux-gnu]
    arg [-L/lib/../lib] ==> dir [/lib/../lib]
    arg [-L/usr/lib/aarch64-linux-gnu] ==> dir [/usr/lib/aarch64-linux-gnu]
    arg [-L/usr/lib/../lib] ==> dir [/usr/lib/../lib]
    arg [-L/usr/lib/gcc-cross/aarch64-linux-gnu/11/../../../../aarch64-linux-gnu/lib] ==> dir [/usr/lib/gcc-cross/aarch64-linux-gnu/11/../../../../aarch64-linux-gnu/lib]
    arg [CMakeFiles/cmTC_adcf0.dir/CMakeCXXCompilerABI.cpp.o] ==> ignore
    arg [-Bstatic] ==> search static
    arg [-lstdc++] ==> lib [SEARCH_STATIC:stdc++]
    arg [-Bdynamic] ==> search dynamic
    arg [-lm] ==> lib [m]
    arg [-lgcc] ==> lib [gcc]
    arg [-lgcc_eh] ==> lib [gcc_eh]
    arg [-lc] ==> lib [c]
    arg [-lgcc] ==> lib [gcc]
    arg [-lgcc_eh] ==> lib [gcc_eh]
    arg [/usr/lib/gcc-cross/aarch64-linux-gnu/11/crtendS.o] ==> obj [/usr/lib/gcc-cross/aarch64-linux-gnu/11/crtendS.o]
    arg [/usr/lib/gcc-cross/aarch64-linux-gnu/11/../../../../aarch64-linux-gnu/lib/../lib/crtn.o] ==> obj [/usr/lib/gcc-cross/aarch64-linux-gnu/11/../../../../aarch64-linux-gnu/lib/../lib/crtn.o]
  search lib [SEARCH_STATIC:stdc++] ==> [/usr/lib/gcc-cross/aarch64-linux-gnu/11/libstdc++.a]
  remove lib [gcc_eh]
  remove lib [gcc_eh]
  collapse obj [/usr/lib/gcc-cross/aarch64-linux-gnu/11/../../../../aarch64-linux-gnu/lib/../lib/Scrt1.o] ==> [/usr/aarch64-linux-gnu/lib/Scrt1.o]
  collapse obj [/usr/lib/gcc-cross/aarch64-linux-gnu/11/../../../../aarch64-linux-gnu/lib/../lib/crti.o] ==> [/usr/aarch64-linux-gnu/lib/crti.o]
  collapse obj [/usr/lib/gcc-cross/aarch64-linux-gnu/11/../../../../aarch64-linux-gnu/lib/../lib/crtn.o] ==> [/usr/aarch64-linux-gnu/lib/crtn.o]
  collapse library dir [/usr/lib/gcc-cross/aarch64-linux-gnu/11] ==> [/usr/lib/gcc-cross/aarch64-linux-gnu/11]
  collapse library dir [/usr/lib/gcc-cross/aarch64-linux-gnu/11/../../../../aarch64-linux-gnu/lib/../lib] ==> [/usr/aarch64-linux-gnu/lib]
  collapse library dir [/lib/aarch64-linux-gnu] ==> [/lib/aarch64-linux-gnu]
  collapse library dir [/lib/../lib] ==> [/lib]
  collapse library dir [/usr/lib/aarch64-linux-gnu] ==> [/usr/lib/aarch64-linux-gnu]
  collapse library dir [/usr/lib/../lib] ==> [/usr/lib]
  collapse library dir [/usr/lib/gcc-cross/aarch64-linux-gnu/11/../../../../aarch64-linux-gnu/lib] ==> [/usr/aarch64-linux-gnu/lib]
  implicit libs: [/usr/lib/gcc-cross/aarch64-linux-gnu/11/libstdc++.a;m;gcc;c;gcc]
  implicit objs: [/usr/aarch64-linux-gnu/lib/Scrt1.o;/usr/aarch64-linux-gnu/lib/crti.o;/usr/lib/gcc-cross/aarch64-linux-gnu/11/crtbeginS.o;/usr/lib/gcc-cross/aarch64-linux-gnu/11/crtendS.o;/usr/aarch64-linux-gnu/lib/crtn.o]
  implicit dirs: [/usr/lib/gcc-cross/aarch64-linux-gnu/11;/usr/aarch64-linux-gnu/lib;/lib/aarch64-linux-gnu;/lib;/usr/lib/aarch64-linux-gnu;/usr/lib]
  implicit fwks: []


